<?xml version="1.0" encoding="UTF-8"?>
<testng-results ignored="0" total="1" passed="1" failed="0" skipped="0">
  <reporter-output>
  </reporter-output>
  <suite started-at="2021-08-31T12:04:01 IST" name="Default suite" finished-at="2021-08-31T12:04:25 IST" duration-ms="24040">
    <groups>
    </groups>
    <test started-at="2021-08-31T12:04:01 IST" name="Default test" finished-at="2021-08-31T12:04:25 IST" duration-ms="24040">
      <class name="Krtc_listerners.ksrtc_Testcase">
        <test-method signature="feed()[pri:0, instance:Krtc_listerners.ksrtc_Testcase@a2431d0]" started-at="2021-08-31T12:04:01 IST" name="feed" finished-at="2021-08-31T12:04:25 IST" duration-ms="23983" status="PASS">
          <reporter-output>
          </reporter-output>
        </test-method> <!-- feed -->
      </class> <!-- Krtc_listerners.ksrtc_Testcase -->
    </test> <!-- Default test -->
  </suite> <!-- Default suite -->
</testng-results>
