<?xml version="1.0" encoding="UTF-8"?>
<!-- Generated by org.testng.reporters.JUnitXMLReporter -->
<testsuite ignored="0" hostname="Chethan" failures="0" tests="5" name="Smoke testing" time="0.075" errors="0" timestamp="2023-04-06T23:25:37 IST">
  <testcase classname="com.example.test4_parallel" name="bookSearch" time="0.012"/>
  <testcase classname="com.example.test4_parallel" name="earphonesSearch" time="0.002"/>
  <testcase classname="com.example.test4_parallel" name="laptopSearch" time="0.001"/>
  <testcase classname="com.example.test4_parallel" name="mobileSearch" time="0.001"/>
  <testcase classname="com.example.test4_parallel" name="novelSearch" time="0.001"/>
</testsuite> <!-- Smoke testing -->
