<?xml version="1.0" encoding="UTF-8"?>
<!-- Generated by org.testng.reporters.JUnitXMLReporter -->
<testsuite ignored="0" hostname="LAPTOP-1VPF61L6" failures="0" tests="3" name="Smoke testing" time="0.078" errors="0" timestamp="2023-05-14T12:31:23 IST">
  <testcase classname="com.example.test1_annotation" name="b" time="0.007"/>
  <testcase classname="com.example.test1_annotation" name="c" time="0.001"/>
  <testcase classname="com.example.test1_annotation" name="a" time="0.001"/>
</testsuite> <!-- Smoke testing -->
