<?xml version="1.0" encoding="UTF-8"?>
<testng-results ignored="0" total="1" passed="1" failed="0" skipped="0">
  <reporter-output>
  </reporter-output>
  <suite started-at="2023-07-28T20:52:54 IST" name="Default suite" finished-at="2023-07-28T20:53:13 IST" duration-ms="18303">
    <groups>
    </groups>
    <test started-at="2023-07-28T20:52:54 IST" name="Default test" finished-at="2023-07-28T20:53:13 IST" duration-ms="18303">
      <class name="ordered_unordered_list.Alert_screenshot">
        <test-method signature="f()[pri:0, instance:ordered_unordered_list.Alert_screenshot@31e5415e]" started-at="2023-07-28T20:52:54 IST" name="f" finished-at="2023-07-28T20:53:13 IST" duration-ms="18196" status="PASS">
          <reporter-output>
          </reporter-output>
        </test-method> <!-- f -->
      </class> <!-- ordered_unordered_list.Alert_screenshot -->
    </test> <!-- Default test -->
  </suite> <!-- Default suite -->
</testng-results>
