<?xml version="1.0" encoding="UTF-8"?>
<testng-results skipped="0" failed="0" ignored="0" total="1" passed="1">
  <reporter-output>
  </reporter-output>
  <suite name="Default suite" duration-ms="7840" started-at="2021-08-26T17:16:40 IST" finished-at="2021-08-26T17:16:48 IST">
    <groups>
    </groups>
    <test name="Default test" duration-ms="7840" started-at="2021-08-26T17:16:40 IST" finished-at="2021-08-26T17:16:48 IST">
      <class name="ordered_unordered_list.ordered_list">
        <test-method status="PASS" signature="orderlist()[pri:0, instance:ordered_unordered_list.ordered_list@64729b1e]" name="orderlist" duration-ms="7782" started-at="2021-08-26T17:16:40 IST" finished-at="2021-08-26T17:16:48 IST">
          <reporter-output>
          </reporter-output>
        </test-method> <!-- orderlist -->
      </class> <!-- ordered_unordered_list.ordered_list -->
    </test> <!-- Default test -->
  </suite> <!-- Default suite -->
</testng-results>
