<?xml version="1.0" encoding="UTF-8"?>
<testng-results skipped="0" failed="0" total="1" passed="1">
  <reporter-output>
  </reporter-output>
  <suite name="Default suite" duration-ms="16295" started-at="2021-08-17T15:34:12Z" finished-at="2021-08-17T15:34:28Z">
    <groups>
    </groups>
    <test name="Default test" duration-ms="16295" started-at="2021-08-17T15:34:12Z" finished-at="2021-08-17T15:34:28Z">
      <class name="KSRTC_pagefactory_main.ksrtc_pagefactory_main$login">
        <test-method status="PASS" signature="f()[pri:0, instance:KSRTC_pagefactory_main.ksrtc_pagefactory_main$login@35851384]" name="f" duration-ms="16259" started-at="2021-08-17T21:04:12Z" finished-at="2021-08-17T21:04:28Z">
          <reporter-output>
          </reporter-output>
        </test-method> <!-- f -->
      </class> <!-- KSRTC_pagefactory_main.ksrtc_pagefactory_main$login -->
    </test> <!-- Default test -->
  </suite> <!-- Default suite -->
</testng-results>
