<?xml version="1.0" encoding="UTF-8"?>
<testng-results ignored="0" total="1" passed="1" failed="0" skipped="0">
  <reporter-output>
  </reporter-output>
  <suite started-at="2023-04-06T23:16:01 IST" name="Default suite" finished-at="2023-04-06T23:16:01 IST" duration-ms="161">
    <groups>
    </groups>
    <test started-at="2023-04-06T23:16:01 IST" name="Default test" finished-at="2023-04-06T23:16:01 IST" duration-ms="161">
      <class name="script2.type_of_assertion">
        <test-method signature="testAssert()[pri:0, instance:script2.type_of_assertion@23c30a20]" started-at="2023-04-06T23:16:01 IST" name="testAssert" finished-at="2023-04-06T23:16:01 IST" duration-ms="109" status="PASS">
          <reporter-output>
          </reporter-output>
        </test-method> <!-- testAssert -->
      </class> <!-- script2.type_of_assertion -->
    </test> <!-- Default test -->
  </suite> <!-- Default suite -->
</testng-results>
