<?xml version="1.0" encoding="UTF-8"?>
<testng-results ignored="0" total="3" passed="3" failed="0" skipped="0">
  <reporter-output>
  </reporter-output>
  <suite started-at="2023-07-28T20:05:31 IST" name="Default suite" finished-at="2023-07-28T20:05:32 IST" duration-ms="190">
    <groups>
    </groups>
    <test started-at="2023-07-28T20:05:31 IST" name="Default test" finished-at="2023-07-28T20:05:32 IST" duration-ms="190">
      <class name="script1.calculateTest">
        <test-method signature="testAdd()[pri:0, instance:script1.calculateTest@12aba8be]" started-at="2023-07-28T20:05:32 IST" name="testAdd" finished-at="2023-07-28T20:05:32 IST" duration-ms="30" status="PASS">
          <reporter-output>
          </reporter-output>
        </test-method> <!-- testAdd -->
        <test-method signature="testMul()[pri:0, instance:script1.calculateTest@12aba8be]" started-at="2023-07-28T20:05:32 IST" name="testMul" finished-at="2023-07-28T20:05:32 IST" duration-ms="4" status="PASS">
          <reporter-output>
          </reporter-output>
        </test-method> <!-- testMul -->
        <test-method signature="testSub()[pri:0, instance:script1.calculateTest@12aba8be]" started-at="2023-07-28T20:05:32 IST" name="testSub" finished-at="2023-07-28T20:05:32 IST" duration-ms="3" status="PASS">
          <reporter-output>
          </reporter-output>
        </test-method> <!-- testSub -->
      </class> <!-- script1.calculateTest -->
    </test> <!-- Default test -->
  </suite> <!-- Default suite -->
</testng-results>
