<?xml version="1.0" encoding="UTF-8"?>
<testng-results skipped="0" failed="0" total="1" passed="1">
  <reporter-output>
  </reporter-output>
  <suite name="Default suite" duration-ms="6620" started-at="2021-08-24T14:09:03Z" finished-at="2021-08-24T14:09:10Z">
    <groups>
    </groups>
    <test name="Default test" duration-ms="6620" started-at="2021-08-24T14:09:03Z" finished-at="2021-08-24T14:09:10Z">
      <class name="Extend_Report.Extend_Report">
        <test-method status="PASS" signature="config()[pri:0, instance:Extend_Report.Extend_Report@3c5a99da]" name="config" is-config="true" duration-ms="279" started-at="2021-08-24T19:39:03Z" finished-at="2021-08-24T19:39:03Z">
          <reporter-output>
          </reporter-output>
        </test-method> <!-- config -->
        <test-method status="PASS" signature="initialDemo()[pri:0, instance:Extend_Report.Extend_Report@3c5a99da]" name="initialDemo" duration-ms="6320" started-at="2021-08-24T19:39:03Z" finished-at="2021-08-24T19:39:10Z">
          <reporter-output>
          </reporter-output>
        </test-method> <!-- initialDemo -->
      </class> <!-- Extend_Report.Extend_Report -->
    </test> <!-- Default test -->
  </suite> <!-- Default suite -->
</testng-results>
