<?xml version="1.0" encoding="UTF-8"?>
<testng-results skipped="0" failed="0" total="1" passed="1">
  <reporter-output>
  </reporter-output>
  <suite name="Default suite" duration-ms="13215" started-at="2021-08-22T15:11:46Z" finished-at="2021-08-22T15:11:59Z">
    <groups>
    </groups>
    <test name="Default test" duration-ms="13215" started-at="2021-08-22T15:11:46Z" finished-at="2021-08-22T15:11:59Z">
      <class name="Listeners.Testcase">
        <test-method status="PASS" signature="feed()[pri:0, instance:Listeners.Testcase@35bbe5e8]" name="feed" duration-ms="13199" started-at="2021-08-22T20:41:46Z" finished-at="2021-08-22T20:41:59Z">
          <reporter-output>
          </reporter-output>
        </test-method> <!-- feed -->
      </class> <!-- Listeners.Testcase -->
    </test> <!-- Default test -->
  </suite> <!-- Default suite -->
</testng-results>
