<?xml version="1.0" encoding="UTF-8"?>
<testng-results ignored="0" total="1" passed="1" failed="0" skipped="0">
  <reporter-output>
  </reporter-output>
  <suite started-at="2021-08-31T12:05:59 IST" name="Default suite" finished-at="2021-08-31T12:06:07 IST" duration-ms="8007">
    <groups>
    </groups>
    <test started-at="2021-08-31T12:05:59 IST" name="Default test" finished-at="2021-08-31T12:06:07 IST" duration-ms="8007">
      <class name="cookies.cookies">
        <test-method signature="itime()[pri:0, instance:cookies.cookies@732c2a62]" started-at="2021-08-31T12:05:59 IST" name="itime" finished-at="2021-08-31T12:06:07 IST" duration-ms="7940" status="PASS">
          <reporter-output>
          </reporter-output>
        </test-method> <!-- itime -->
      </class> <!-- cookies.cookies -->
    </test> <!-- Default test -->
  </suite> <!-- Default suite -->
</testng-results>
