<?xml version="1.0" encoding="UTF-8"?>
<testng-results skipped="0" failed="0" total="1" passed="1">
  <reporter-output>
  </reporter-output>
  <suite name="Default suite" duration-ms="6665" started-at="2021-08-24T16:26:31Z" finished-at="2021-08-24T16:26:37Z">
    <groups>
    </groups>
    <test name="Default test" duration-ms="6665" started-at="2021-08-24T16:26:31Z" finished-at="2021-08-24T16:26:37Z">
      <class name="testcases.login">
        <test-method status="PASS" signature="loginref()[pri:0, instance:testcases.login@5315b42e]" name="loginref" duration-ms="6628" started-at="2021-08-24T21:56:31Z" finished-at="2021-08-24T21:56:37Z">
          <reporter-output>
          </reporter-output>
        </test-method> <!-- loginref -->
      </class> <!-- testcases.login -->
    </test> <!-- Default test -->
  </suite> <!-- Default suite -->
</testng-results>
