<?xml version="1.0" encoding="UTF-8"?>
<testng-results skipped="0" failed="0" total="3" passed="3">
  <reporter-output>
  </reporter-output>
  <suite name="Test_Suite1" duration-ms="27" started-at="2021-08-18T05:53:11Z" finished-at="2021-08-18T05:53:11Z">
    <groups>
      <group name="smoke test">
        <method signature="test1_annotation.c()[pri:0, instance:com.example.test1_annotation@21a06946]" name="c" class="com.example.test1_annotation"/>
      </group> <!-- smoke test -->
      <group name="Functional test">
        <method signature="test1_annotation.b()[pri:0, instance:com.example.test1_annotation@21a06946]" name="b" class="com.example.test1_annotation"/>
      </group> <!-- Functional test -->
    </groups>
    <test name="Smoke testing" duration-ms="27" started-at="2021-08-18T05:53:11Z" finished-at="2021-08-18T05:53:11Z">
      <class name="com.example.test1_annotation">
        <test-method status="PASS" signature="BeforeSuite1()[pri:0, instance:com.example.test1_annotation@21a06946]" name="BeforeSuite1" is-config="true" duration-ms="7" started-at="2021-08-18T11:23:11Z" finished-at="2021-08-18T11:23:11Z">
          <reporter-output>
          </reporter-output>
        </test-method> <!-- BeforeSuite1 -->
        <test-method status="PASS" signature="before_test1()[pri:0, instance:com.example.test1_annotation@21a06946]" name="before_test1" is-config="true" duration-ms="1" started-at="2021-08-18T11:23:11Z" finished-at="2021-08-18T11:23:11Z">
          <reporter-output>
          </reporter-output>
        </test-method> <!-- before_test1 -->
        <test-method status="PASS" signature="BeforeClass()[pri:0, instance:com.example.test1_annotation@21a06946]" name="BeforeClass" is-config="true" duration-ms="1" started-at="2021-08-18T11:23:11Z" finished-at="2021-08-18T11:23:11Z">
          <reporter-output>
          </reporter-output>
        </test-method> <!-- BeforeClass -->
        <test-method status="PASS" signature="before_method1()[pri:0, instance:com.example.test1_annotation@21a06946]" name="before_method1" is-config="true" duration-ms="0" started-at="2021-08-18T11:23:11Z" finished-at="2021-08-18T11:23:11Z">
          <reporter-output>
          </reporter-output>
        </test-method> <!-- before_method1 -->
        <test-method status="PASS" signature="b()[pri:0, instance:com.example.test1_annotation@21a06946]" name="b" duration-ms="6" started-at="2021-08-18T11:23:11Z" finished-at="2021-08-18T11:23:11Z">
          <reporter-output>
          </reporter-output>
        </test-method> <!-- b -->
        <test-method status="PASS" signature="c()[pri:0, instance:com.example.test1_annotation@21a06946]" name="c" duration-ms="1" started-at="2021-08-18T11:23:11Z" finished-at="2021-08-18T11:23:11Z">
          <reporter-output>
          </reporter-output>
        </test-method> <!-- c -->
        <test-method status="PASS" signature="AfterMethod1()[pri:0, instance:com.example.test1_annotation@21a06946]" name="AfterMethod1" is-config="true" duration-ms="0" started-at="2021-08-18T11:23:11Z" finished-at="2021-08-18T11:23:11Z">
          <reporter-output>
          </reporter-output>
        </test-method> <!-- AfterMethod1 -->
        <test-method status="PASS" signature="before_method1()[pri:0, instance:com.example.test1_annotation@21a06946]" name="before_method1" is-config="true" duration-ms="0" started-at="2021-08-18T11:23:11Z" finished-at="2021-08-18T11:23:11Z">
          <reporter-output>
          </reporter-output>
        </test-method> <!-- before_method1 -->
        <test-method status="PASS" signature="AfterMethod1()[pri:0, instance:com.example.test1_annotation@21a06946]" name="AfterMethod1" is-config="true" duration-ms="0" started-at="2021-08-18T11:23:11Z" finished-at="2021-08-18T11:23:11Z">
          <reporter-output>
          </reporter-output>
        </test-method> <!-- AfterMethod1 -->
        <test-method status="PASS" signature="a()[pri:0, instance:com.example.test1_annotation@21a06946]" name="a" duration-ms="1" started-at="2021-08-18T11:23:11Z" depends-on-methods="com.example.test1_annotation.b" finished-at="2021-08-18T11:23:11Z">
          <reporter-output>
          </reporter-output>
        </test-method> <!-- a -->
        <test-method status="PASS" signature="before_method1()[pri:0, instance:com.example.test1_annotation@21a06946]" name="before_method1" is-config="true" duration-ms="0" started-at="2021-08-18T11:23:11Z" finished-at="2021-08-18T11:23:11Z">
          <reporter-output>
          </reporter-output>
        </test-method> <!-- before_method1 -->
        <test-method status="PASS" signature="AfterMethod1()[pri:0, instance:com.example.test1_annotation@21a06946]" name="AfterMethod1" is-config="true" duration-ms="0" started-at="2021-08-18T11:23:11Z" finished-at="2021-08-18T11:23:11Z">
          <reporter-output>
          </reporter-output>
        </test-method> <!-- AfterMethod1 -->
        <test-method status="PASS" signature="AfterTest1()[pri:0, instance:com.example.test1_annotation@21a06946]" name="AfterTest1" is-config="true" duration-ms="0" started-at="2021-08-18T11:23:11Z" finished-at="2021-08-18T11:23:11Z">
          <reporter-output>
          </reporter-output>
        </test-method> <!-- AfterTest1 -->
        <test-method status="PASS" signature="AfterClass()[pri:0, instance:com.example.test1_annotation@21a06946]" name="AfterClass" is-config="true" duration-ms="0" started-at="2021-08-18T11:23:11Z" finished-at="2021-08-18T11:23:11Z">
          <reporter-output>
          </reporter-output>
        </test-method> <!-- AfterClass -->
        <test-method status="PASS" signature="AfterSuite1()[pri:0, instance:com.example.test1_annotation@21a06946]" name="AfterSuite1" is-config="true" duration-ms="0" started-at="2021-08-18T11:23:11Z" finished-at="2021-08-18T11:23:11Z">
          <reporter-output>
          </reporter-output>
        </test-method> <!-- AfterSuite1 -->
      </class> <!-- com.example.test1_annotation -->
    </test> <!-- Smoke testing -->
  </suite> <!-- Test_Suite1 -->
</testng-results>
