<?xml version="1.0" encoding="UTF-8"?>
<testng-results ignored="0" total="3" passed="3" failed="0" skipped="0">
  <reporter-output>
  </reporter-output>
  <suite started-at="2023-05-14T12:31:22 IST" name="Test_Suite1" finished-at="2023-05-14T12:31:23 IST" duration-ms="78">
    <groups>
      <group name="smoke test">
        <method signature="test1_annotation.c()[pri:0, instance:com.example.test1_annotation@957e06]" name="c" class="com.example.test1_annotation"/>
      </group> <!-- smoke test -->
      <group name="Functional test">
        <method signature="test1_annotation.b()[pri:0, instance:com.example.test1_annotation@957e06]" name="b" class="com.example.test1_annotation"/>
      </group> <!-- Functional test -->
    </groups>
    <test started-at="2023-05-14T12:31:22 IST" name="Smoke testing" finished-at="2023-05-14T12:31:23 IST" duration-ms="78">
      <class name="com.example.test1_annotation">
        <test-method is-config="true" signature="BeforeSuite1()[pri:0, instance:com.example.test1_annotation@957e06]" started-at="2023-05-14T12:31:22 IST" name="BeforeSuite1" finished-at="2023-05-14T12:31:22 IST" duration-ms="10" status="PASS">
          <reporter-output>
          </reporter-output>
        </test-method> <!-- BeforeSuite1 -->
        <test-method is-config="true" signature="before_test1()[pri:0, instance:com.example.test1_annotation@957e06]" started-at="2023-05-14T12:31:22 IST" name="before_test1" finished-at="2023-05-14T12:31:22 IST" duration-ms="1" status="PASS">
          <reporter-output>
          </reporter-output>
        </test-method> <!-- before_test1 -->
        <test-method is-config="true" signature="BeforeClass()[pri:0, instance:com.example.test1_annotation@957e06]" started-at="2023-05-14T12:31:22 IST" name="BeforeClass" finished-at="2023-05-14T12:31:22 IST" duration-ms="1" status="PASS">
          <reporter-output>
          </reporter-output>
        </test-method> <!-- BeforeClass -->
        <test-method is-config="true" signature="before_method1()[pri:0, instance:com.example.test1_annotation@957e06]" started-at="2023-05-14T12:31:22 IST" name="before_method1" finished-at="2023-05-14T12:31:22 IST" duration-ms="1" status="PASS">
          <reporter-output>
          </reporter-output>
        </test-method> <!-- before_method1 -->
        <test-method signature="b()[pri:0, instance:com.example.test1_annotation@957e06]" started-at="2023-05-14T12:31:23 IST" name="b" finished-at="2023-05-14T12:31:23 IST" duration-ms="7" status="PASS">
          <reporter-output>
          </reporter-output>
        </test-method> <!-- b -->
        <test-method is-config="true" signature="AfterMethod1()[pri:0, instance:com.example.test1_annotation@957e06]" started-at="2023-05-14T12:31:23 IST" name="AfterMethod1" finished-at="2023-05-14T12:31:23 IST" duration-ms="0" status="PASS">
          <reporter-output>
          </reporter-output>
        </test-method> <!-- AfterMethod1 -->
        <test-method is-config="true" signature="before_method1()[pri:0, instance:com.example.test1_annotation@957e06]" started-at="2023-05-14T12:31:23 IST" name="before_method1" finished-at="2023-05-14T12:31:23 IST" duration-ms="0" status="PASS">
          <reporter-output>
          </reporter-output>
        </test-method> <!-- before_method1 -->
        <test-method signature="c()[pri:0, instance:com.example.test1_annotation@957e06]" started-at="2023-05-14T12:31:23 IST" name="c" finished-at="2023-05-14T12:31:23 IST" duration-ms="1" status="PASS">
          <reporter-output>
          </reporter-output>
        </test-method> <!-- c -->
        <test-method is-config="true" signature="AfterMethod1()[pri:0, instance:com.example.test1_annotation@957e06]" started-at="2023-05-14T12:31:23 IST" name="AfterMethod1" finished-at="2023-05-14T12:31:23 IST" duration-ms="1" status="PASS">
          <reporter-output>
          </reporter-output>
        </test-method> <!-- AfterMethod1 -->
        <test-method is-config="true" signature="before_method1()[pri:0, instance:com.example.test1_annotation@957e06]" started-at="2023-05-14T12:31:23 IST" name="before_method1" finished-at="2023-05-14T12:31:23 IST" duration-ms="0" status="PASS">
          <reporter-output>
          </reporter-output>
        </test-method> <!-- before_method1 -->
        <test-method signature="a()[pri:0, instance:com.example.test1_annotation@957e06]" started-at="2023-05-14T12:31:23 IST" name="a" finished-at="2023-05-14T12:31:23 IST" depends-on-methods="com.example.test1_annotation.b" duration-ms="1" status="PASS">
          <reporter-output>
          </reporter-output>
        </test-method> <!-- a -->
        <test-method is-config="true" signature="AfterMethod1()[pri:0, instance:com.example.test1_annotation@957e06]" started-at="2023-05-14T12:31:23 IST" name="AfterMethod1" finished-at="2023-05-14T12:31:23 IST" duration-ms="1" status="PASS">
          <reporter-output>
          </reporter-output>
        </test-method> <!-- AfterMethod1 -->
        <test-method is-config="true" signature="AfterClass()[pri:0, instance:com.example.test1_annotation@957e06]" started-at="2023-05-14T12:31:23 IST" name="AfterClass" finished-at="2023-05-14T12:31:23 IST" duration-ms="0" status="PASS">
          <reporter-output>
          </reporter-output>
        </test-method> <!-- AfterClass -->
        <test-method is-config="true" signature="AfterTest1()[pri:0, instance:com.example.test1_annotation@957e06]" started-at="2023-05-14T12:31:23 IST" name="AfterTest1" finished-at="2023-05-14T12:31:23 IST" duration-ms="1" status="PASS">
          <reporter-output>
          </reporter-output>
        </test-method> <!-- AfterTest1 -->
        <test-method is-config="true" signature="AfterSuite1()[pri:0, instance:com.example.test1_annotation@957e06]" started-at="2023-05-14T12:31:23 IST" name="AfterSuite1" finished-at="2023-05-14T12:31:23 IST" duration-ms="1" status="PASS">
          <reporter-output>
          </reporter-output>
        </test-method> <!-- AfterSuite1 -->
      </class> <!-- com.example.test1_annotation -->
    </test> <!-- Smoke testing -->
  </suite> <!-- Test_Suite1 -->
</testng-results>
