<?xml version="1.0" encoding="UTF-8"?>
<!-- Generated by org.testng.reporters.JUnitXMLReporter -->
<testsuite hostname="LP-5CG1225D1D" name="FunctionalTesting" tests="3" failures="0" timestamp="18 Aug 2021 16:44:22 GMT" time="0.009" errors="0">
  <testcase name="scenario1" time="0.001" classname="Testng_Testing.Fuctional_Testing"/>
  <testcase name="scenario2" time="0.001" classname="Testng_Testing.Fuctional_Testing"/>
  <testcase name="scenario3" time="0.002" classname="Testng_Testing.Fuctional_Testing"/>
</testsuite> <!-- FunctionalTesting -->
