<?xml version="1.0" encoding="UTF-8"?>
<!-- Generated by org.testng.reporters.JUnitXMLReporter -->
<testsuite hostname="LP-5CG1225D1D" name="Test" tests="6" failures="0" timestamp="22 Aug 2021 12:30:00 GMT" time="0.046" errors="0">
  <testcase name="BrowserAUtomation" time="0.012" classname="Maven_projects.SeleninumTest"/>
  <testcase name="elementsUi" time="0.001" classname="Maven_projects.SeleninumTest"/>
  <testcase name="deleteTwitter" time="0.001" classname="Maven_projects.REstapiTest"/>
  <testcase name="postJira" time="0.001" classname="Maven_projects.REstapiTest"/>
  <testcase name="IOSApps" time="0.001" classname="Maven_projects.Appinum"/>
  <testcase name="NativeAPpAndroid" time="0.001" classname="Maven_projects.Appinum"/>
</testsuite> <!-- Test -->
