<?xml version="1.0" encoding="UTF-8"?>
<!-- Generated by org.testng.reporters.JUnitXMLReporter -->
<testsuite hostname="LP-5CG1225D1D" name="UnitTesting" tests="3" failures="0" timestamp="18 Aug 2021 16:44:22 GMT" time="0.018" errors="0">
  <testcase name="unitTest1" time="0.004" classname="Testng_Testing.UnitlevelTesting"/>
  <testcase name="unitTest2" time="0.001" classname="Testng_Testing.UnitlevelTesting"/>
  <testcase name="unitTest3" time="0.001" classname="Testng_Testing.UnitlevelTesting"/>
</testsuite> <!-- UnitTesting -->
