<?xml version="1.0" encoding="UTF-8"?>
<!-- Generated by org.testng.reporters.JUnitXMLReporter -->
<testsuite ignored="0" hostname="LAPTOP-1VPF61L6" failures="0" tests="3" name="Default test" time="0.078" errors="0" timestamp="2023-05-14T12:29:49 IST">
  <testcase classname="com.example.test1_annotation" name="b" time="0.006"/>
  <testcase classname="com.example.test1_annotation" name="c" time="0.002"/>
  <testcase classname="com.example.test1_annotation" name="a" time="0.001"/>
</testsuite> <!-- Default test -->
