<?xml version="1.0" encoding="UTF-8"?>
<!-- Generated by org.testng.reporters.JUnitXMLReporter -->
<testsuite hostname="LP-5CG1225D1D" name="Default test" tests="3" failures="0" timestamp="18 Aug 2021 05:52:20 GMT" time="0.031" errors="0">
  <testcase name="b" time="0.006" classname="com.example.test1_annotation"/>
  <testcase name="c" time="0.001" classname="com.example.test1_annotation"/>
  <testcase name="a" time="0.002" classname="com.example.test1_annotation"/>
</testsuite> <!-- Default test -->
