<?xml version="1.0" encoding="UTF-8"?>
<!-- Generated by org.testng.reporters.JUnitXMLReporter -->
<testsuite ignored="0" hostname="LAPTOP-1VPF61L6" failures="0" tests="3" name="Default test" time="0.19" errors="0" timestamp="2023-07-28T20:05:32 IST">
  <testcase classname="script1.calculateTest" name="testAdd" time="0.03"/>
  <testcase classname="script1.calculateTest" name="testMul" time="0.004"/>
  <testcase classname="script1.calculateTest" name="testSub" time="0.003"/>
</testsuite> <!-- Default test -->
